Starting DBServer
-----  Above log entry written at 13:57:04.845027    -------------

ParseEngine: end of reading from databases/moviesreduced.db
-----  Above log entry written at 13:57:04.871467    -------------

ParseEngine: end of reading from databases/moviesreduced/movies.table
-----  Above log entry written at 13:57:04.877994    -------------

ParseEngine: end of reading from databases/moviesreduced/genres.table
-----  Above log entry written at 13:57:04.883289    -------------

ParseEngine: end of reading from databases/moviesreduced/actors.table
-----  Above log entry written at 13:57:04.890281    -------------

DB: end of loading tables
-----  Above log entry written at 13:57:04.890458    -------------

Table: movies
  revenue: real
  director: string
  popularity: real
  movieID: integer
  title: string
  budget: real

-----  Above log entry written at 13:57:04.891019    -------------

Table: actors
  actor: string
  movieID: integer

-----  Above log entry written at 13:57:04.891149    -------------

Table: genres
  genre: string
  movieID: integer

-----  Above log entry written at 13:57:04.891230    -------------

ParseEngine: end of reading from databases/movies.db
-----  Above log entry written at 13:57:04.891728    -------------

ParseEngine: end of reading from databases/movies/movies.table
-----  Above log entry written at 13:57:04.897032    -------------

ParseEngine: end of reading from databases/movies/genres.table
-----  Above log entry written at 13:57:04.902004    -------------

ParseEngine: end of reading from databases/movies/actors.table
-----  Above log entry written at 13:57:04.969553    -------------

DB: end of loading tables
-----  Above log entry written at 13:57:04.969702    -------------

Table: movies
  revenue: real
  director: string
  popularity: real
  movieID: integer
  title: string
  budget: real

-----  Above log entry written at 13:57:04.969833    -------------

Table: actors
  actor: string
  movieID: integer

-----  Above log entry written at 13:57:04.969901    -------------

Table: genres
  genre: string
  movieID: integer

-----  Above log entry written at 13:57:04.969976    -------------

ParseEngine: end of reading from databases/module1.db
-----  Above log entry written at 13:57:04.970343    -------------

ParseEngine: end of reading from databases/module1/movies.table
-----  Above log entry written at 13:57:04.970548    -------------

ParseEngine: end of reading from databases/module1/genres.table
-----  Above log entry written at 13:57:04.973975    -------------

ParseEngine: end of reading from databases/module1/actors.table
-----  Above log entry written at 13:57:04.974321    -------------

DB: end of loading tables
-----  Above log entry written at 13:57:04.974431    -------------

Table: movies
  revenue: real
  director: string
  popularity: real
  movieID: integer
  title: string
  budget: real

-----  Above log entry written at 13:57:04.974564    -------------

Table: actors
  actor: string
  movieID: integer

-----  Above log entry written at 13:57:04.974639    -------------

Table: genres
  genre: string
  movieID: integer

-----  Above log entry written at 13:57:04.974696    -------------

DBServer:loadDatabases: complete
-----  Above log entry written at 13:57:04.974787    -------------

DBServer.doProject(): db=module1 table=actors columns=[ {actor:_} ]
-----  Above log entry written at 13:57:13.527938    -------------

DBServer.doProject(): db=module1 table=genres columns=[ {genre:_} ]
-----  Above log entry written at 13:57:13.531769    -------------

